2019-10-28T05:25:01.026Z - normal: Load ~/.CocosCreator/settings.json
2019-10-28T05:25:02.325Z - normal: Initializing Asset Database
2019-10-28T05:25:02.325Z - normal: checking language setting...
2019-10-28T05:25:02.325Z - normal: Language: zh
2019-10-28T05:25:04.581Z - success: preview server running at http://localhost:7456
2019-10-28T05:25:04.597Z - success: protocol editor-framework registered
2019-10-28T05:25:04.597Z - success: protocol app registered
2019-10-28T05:25:04.597Z - success: protocol theme registered
2019-10-28T05:25:04.597Z - success: protocol packages registered
2019-10-28T05:25:04.597Z - success: protocol uuid registerred
2019-10-28T05:25:04.597Z - success: protocol db registerred
2019-10-28T05:25:04.597Z - success: protocol thumbnail registerred
2019-10-28T05:25:04.597Z - success: protocol unpack registerred
2019-10-28T05:25:04.597Z - success: protocol disable-commonjs registerred
2019-10-28T05:25:04.851Z - normal: connected!
2019-10-28T05:25:04.851Z - normal: Check project E:\xampp\htdocs\html5\cocos\start_project
2019-10-28T05:25:04.851Z - normal: Initializing project E:\xampp\htdocs\html5\cocos\start_project
2019-10-28T05:25:05.638Z - normal: Initializing Cocos2d
2019-10-28T05:25:09.585Z - normal: Initializing engine extends
2019-10-28T05:25:09.669Z - success: alipay-adapter loaded
2019-10-28T05:25:09.685Z - success: asset-db-debugger loaded
2019-10-28T05:25:09.685Z - success: baidu-adapter loaded
2019-10-28T05:25:09.700Z - success: color-picker loaded
2019-10-28T05:25:10.071Z - success: fb-audience-network loaded
2019-10-28T05:25:10.202Z - success: fb-live-stream loaded
2019-10-28T05:25:10.234Z - success: google-play-instant loaded
2019-10-28T05:25:10.271Z - success: huawei-runtime loaded
2019-10-28T05:25:11.360Z - success: cpk-publish loaded
2019-10-28T05:25:11.375Z - success: jsb-adapter loaded
2019-10-28T05:25:11.444Z - success: oppo-runtime loaded
2019-10-28T05:25:11.460Z - success: package-manager loaded
2019-10-28T05:25:12.062Z - success: qqplay-adapter loaded
2019-10-28T05:25:12.078Z - success: runtime-dev-tools loaded
2019-10-28T05:25:12.109Z - success: sdkbox loaded
2019-10-28T05:25:12.125Z - success: tester loaded
2019-10-28T05:25:12.141Z - success: ui-kit-preview-extra loaded
2019-10-28T05:25:12.147Z - success: ui-kit-preview loaded
2019-10-28T05:25:12.163Z - success: ui-kit loaded
2019-10-28T05:25:12.210Z - success: vivo-runtime loaded
2019-10-28T05:25:12.225Z - success: weapp-adapter loaded
2019-10-28T05:25:12.225Z - success: xiaomi-adapter loaded
2019-10-28T05:25:12.241Z - success: alipay-minigame loaded
2019-10-28T05:25:12.310Z - success: assets loaded
2019-10-28T05:25:12.310Z - success: builder loaded
2019-10-28T05:25:12.812Z - success: cocos-services loaded
2019-10-28T05:25:12.827Z - success: console loaded
2019-10-28T05:25:12.865Z - success: fb-instant-games loaded
2019-10-28T05:25:12.881Z - success: game-window loaded
2019-10-28T05:25:12.881Z - success: google-instant-games loaded
2019-10-28T05:25:12.881Z - success: hierarchy loaded
2019-10-28T05:25:12.881Z - success: inspector loaded
2019-10-28T05:25:12.897Z - success: keystore loaded
2019-10-28T05:25:12.897Z - success: node-library loaded
2019-10-28T05:25:12.897Z - success: package-asset loaded
2019-10-28T05:25:12.897Z - success: preferences loaded
2019-10-28T05:25:12.897Z - success: project-exporter loaded
2019-10-28T05:25:12.897Z - success: project-importer loaded
2019-10-28T05:25:12.912Z - success: project-settings loaded
2019-10-28T05:25:12.943Z - success: scene loaded
2019-10-28T05:25:12.943Z - success: simulator-debugger loaded
2019-10-28T05:25:12.950Z - success: sprite-editor loaded
2019-10-28T05:25:12.950Z - success: store loaded
2019-10-28T05:25:12.966Z - success: timeline loaded
2019-10-28T05:25:12.981Z - success: xiaomi-runtime loaded
2019-10-28T05:25:15.929Z - normal: Loading packages
2019-10-28T05:25:15.945Z - normal: Watching packages
2019-10-28T05:25:16.637Z - info: Cocos Services load base data!
2019-10-28T05:25:16.700Z - normal: Run Application
2019-10-28T10:19:14.837Z - info: shutdown preview server
